c:\users\b\onedrive\uzh\bachelorarbeit\brenderer\projects\windows\debug\vc120.pdb
c:\users\b\onedrive\uzh\bachelorarbeit\brenderer\projects\windows\debug\vc120.idb
c:\users\b\onedrive\uzh\bachelorarbeit\brenderer\projects\windows\debug\logger.obj
c:\users\b\onedrive\uzh\bachelorarbeit\brenderer\projects\windows\debug\brenderer_ios.obj
c:\users\b\onedrive\uzh\bachelorarbeit\brenderer\projects\windows\debug\brenderer_desktop.obj
c:\users\b\onedrive\uzh\bachelorarbeit\brenderer\projects\windows\debug\triangletest.obj
c:\users\b\onedrive\uzh\bachelorarbeit\brenderer\projects\windows\debug\main.obj
c:\users\b\onedrive\uzh\bachelorarbeit\brenderer\projects\windows\debug\brenderer.obj
c:\users\b\onedrive\uzh\bachelorarbeit\brenderer\projects\windows\debug\utilities.obj
c:\users\b\onedrive\uzh\bachelorarbeit\brenderer\projects\windows\debug\modeldata.obj
c:\users\b\onedrive\uzh\bachelorarbeit\brenderer\projects\windows\debug\filehandler_desktop.obj
c:\users\b\onedrive\uzh\bachelorarbeit\brenderer\projects\windows\debug\model.obj
c:\users\b\onedrive\uzh\bachelorarbeit\brenderer\projects\windows\debug\obj.obj
c:\users\b\onedrive\uzh\bachelorarbeit\brenderer\projects\windows\debug\obj_parser.obj
c:\users\b\onedrive\uzh\bachelorarbeit\brenderer\projects\windows\debug\matrixstack.obj
c:\users\b\onedrive\uzh\bachelorarbeit\brenderer\projects\windows\debug\camera.obj
c:\users\b\onedrive\uzh\bachelorarbeit\brenderer\projects\windows\debug\geometry.obj
c:\users\b\onedrive\uzh\bachelorarbeit\brenderer\projects\windows\debug\shaderdata.obj
c:\users\b\onedrive\uzh\bachelorarbeit\brenderer\projects\windows\debug\material.obj
c:\users\b\onedrive\uzh\bachelorarbeit\brenderer\projects\windows\debug\texture.obj
c:\users\b\onedrive\uzh\bachelorarbeit\brenderer\projects\windows\debug\shader.obj
c:\users\b\onedrive\uzh\bachelorarbeit\brenderer\projects\windows\debug\texturedata.obj
c:\users\b\onedrive\uzh\bachelorarbeit\brenderer\projects\windows\debug\renderer.obj
c:\users\b\onedrive\uzh\bachelorarbeit\brenderer\projects\windows\debug\projectmain.obj
c:\users\b\onedrive\uzh\bachelorarbeit\brenderer\projects\windows\debug\texturedata_desktop.obj
c:\users\b\onedrive\uzh\bachelorarbeit\brenderer\projects\windows\debug\view_desktop.obj
c:\users\b\onedrive\uzh\bachelorarbeit\brenderer\projects\windows\debug\renderer_desktop.obj
c:\users\b\onedrive\uzh\bachelorarbeit\brenderer\debug\brenderer.ilk
c:\users\b\onedrive\uzh\bachelorarbeit\brenderer\debug\brenderer.exe
c:\users\b\onedrive\uzh\bachelorarbeit\brenderer\debug\brenderer.pdb
c:\users\b\onedrive\uzh\bachelorarbeit\brenderer\projects\windows\debug\brenderer.tlog\cl.command.1.tlog
c:\users\b\onedrive\uzh\bachelorarbeit\brenderer\projects\windows\debug\brenderer.tlog\cl.read.1.tlog
c:\users\b\onedrive\uzh\bachelorarbeit\brenderer\projects\windows\debug\brenderer.tlog\cl.write.1.tlog
c:\users\b\onedrive\uzh\bachelorarbeit\brenderer\projects\windows\debug\brenderer.tlog\link.command.1.tlog
c:\users\b\onedrive\uzh\bachelorarbeit\brenderer\projects\windows\debug\brenderer.tlog\link.read.1.tlog
c:\users\b\onedrive\uzh\bachelorarbeit\brenderer\projects\windows\debug\brenderer.tlog\link.write.1.tlog
