Build started 27.04.2015 02:03:21.
     1>Project "I:\bRenderer\projects\windows\windows.vcxproj" on node 2 (Build target(s)).
     1>ClCompile:
         C:\Program Files (x86)\Microsoft Visual Studio 12.0\VC\bin\CL.exe /c /I"I:\bRenderer\\externalLibraries\vmmlib-library" /I"I:\bRenderer\\externalLibraries\boost-library" /I"I:\bRenderer\\externalLibraries\glew-1.12.0\include" /II:\bRenderer\\externalLibraries\FreeImage3170Win32 /I"I:\bRenderer\\externalLibraries\glfw-3.1.bin.WIN32\include" /II:\bRenderer\\projects\headers /II:\bRenderer\\bRenderer /ZI /nologo /W3 /WX- /sdl /Od /Oy- /D _MBCS /Gm /EHsc /RTC1 /MDd /GS /fp:precise /Zc:wchar_t /Zc:forScope /Fo"Debug\\" /Fd"Debug\vc120.pdb" /Gd /TP /analyze- /errorReport:prompt ..\implementation\ProjectMain.cpp
         ProjectMain.cpp
     1>i:\brenderer\projects\implementation\projectmain.cpp(81): warning C4305: 'argument' : truncation from 'double' to 'GLclampf'
     1>i:\brenderer\projects\implementation\projectmain.cpp(85): warning C4305: 'argument' : truncation from 'double' to 'GLclampf'
     1>i:\brenderer\projects\implementation\projectmain.cpp(94): warning C4305: '+=' : truncation from 'double' to 'float'
     1>i:\brenderer\projects\implementation\projectmain.cpp(100): warning C4305: 'argument' : truncation from 'double' to 'float'
     1>i:\brenderer\projects\implementation\projectmain.cpp(100): warning C4244: '+=' : conversion from 'const double' to 'float', possible loss of data
     1>i:\brenderer\projects\implementation\projectmain.cpp(107): warning C4244: 'initializing' : conversion from 'double' to 'float', possible loss of data
     1>i:\brenderer\projects\implementation\projectmain.cpp(173): warning C4305: 'argument' : truncation from 'double' to 'const float'
     1>i:\brenderer\projects\implementation\projectmain.cpp(194): warning C4244: 'argument' : conversion from 'double' to 'float', possible loss of data
     1>i:\brenderer\projects\implementation\projectmain.cpp(222): warning C4244: 'argument' : conversion from 'double' to 'const float', possible loss of data
     1>i:\brenderer\projects\implementation\projectmain.cpp(233): warning C4244: 'initializing' : conversion from 'double' to 'float', possible loss of data
     1>i:\brenderer\projects\implementation\projectmain.cpp(245): warning C4244: 'initializing' : conversion from 'double' to 'float', possible loss of data
     1>i:\brenderer\projects\implementation\projectmain.cpp(247): warning C4305: '=' : truncation from 'double' to 'float'
     1>i:\brenderer\projects\implementation\projectmain.cpp(280): warning C4244: 'argument' : conversion from 'double' to 'const float', possible loss of data
     1>i:\brenderer\projects\implementation\projectmain.cpp(280): warning C4305: 'argument' : truncation from 'double' to 'const float'
     1>i:\brenderer\projects\implementation\projectmain.cpp(283): warning C4305: 'argument' : truncation from 'double' to 'float'
     1>i:\brenderer\projects\implementation\projectmain.cpp(283): warning C4244: '=' : conversion from 'double' to 'float', possible loss of data
     1>i:\brenderer\projects\implementation\projectmain.cpp(287): warning C4244: 'initializing' : conversion from 'double' to 'float', possible loss of data
     1>i:\brenderer\projects\implementation\projectmain.cpp(289): warning C4244: 'argument' : conversion from 'double' to 'const float', possible loss of data
     1>i:\brenderer\projects\implementation\projectmain.cpp(329): warning C4305: 'argument' : truncation from 'double' to 'const float'
     1>i:\brenderer\projects\implementation\projectmain.cpp(332): warning C4305: 'argument' : truncation from 'double' to 'const float'
     1>i:\brenderer\projects\implementation\projectmain.cpp(334): warning C4305: 'initializing' : truncation from 'double' to 'float'
       Link:
         C:\Program Files (x86)\Microsoft Visual Studio 12.0\VC\bin\link.exe /ERRORREPORT:PROMPT /OUT:"I:\bRenderer\Debug\bRenderer.exe" /INCREMENTAL /NOLOGO /LIBPATH:"I:\bRenderer\\externalLibraries\glew-1.12.0\lib\Release\Win32" /LIBPATH:I:\bRenderer\\externalLibraries\FreeImage3170Win32 /LIBPATH:"I:\bRenderer\\externalLibraries\glfw-3.1.bin.WIN32\lib-vc2013" opengl32.lib glew32.lib glfw3dll.lib FreeImage.lib kernel32.lib user32.lib gdi32.lib winspool.lib comdlg32.lib advapi32.lib shell32.lib ole32.lib oleaut32.lib uuid.lib odbc32.lib odbccp32.lib /MANIFEST /MANIFESTUAC:"level='asInvoker' uiAccess='false'" /manifest:embed /DEBUG /PDB:"I:\bRenderer\Debug\bRenderer.pdb" /TLBID:1 /DYNAMICBASE /NXCOMPAT /IMPLIB:"I:\bRenderer\Debug\bRenderer.lib" /MACHINE:X86 Debug\bRenderer.obj
         Debug\Camera.obj
         Debug\Geometry.obj
         Debug\Logger.obj
         Debug\Material.obj
         Debug\MatrixStack.obj
         Debug\Model.obj
         Debug\ModelData.obj
         Debug\Renderer.obj
         Debug\Shader.obj
         Debug\ShaderData.obj
         Debug\Texture.obj
         Debug\obj.obj
         Debug\obj_parser.obj
         Debug\bRenderer_desktop.obj
         Debug\FileHandler_desktop.obj
         Debug\TextureData_desktop.obj
         Debug\View_desktop.obj
         Debug\bRenderer_ios.obj
         Debug\ProjectMain.obj
         Debug\main.obj
         windows.vcxproj -> I:\bRenderer\Debug\bRenderer.exe
     1>Done Building Project "I:\bRenderer\projects\windows\windows.vcxproj" (Build target(s)).

Build succeeded.

Time Elapsed 00:00:01.30
